* using log directory 'C:/Users/ijr23/Documents/Code Projects/R Reverse Shell/Completely.Innocent.Library.Rcheck'
* using R version 4.2.1 (2022-06-23 ucrt)
* using platform: x86_64-w64-mingw32 (64-bit)
* using session charset: UTF-8
* using options '--no-manual --as-cran'
* checking for file 'Completely.Innocent.Library/DESCRIPTION' ... OK
* checking extension type ... Package
* this is package 'Completely.Innocent.Library' version '0.1.0'
* package encoding: UTF-8
* checking package namespace information ... OK
* checking package dependencies ... OK
* checking if this is a source package ... OK
* checking if there is a namespace ... OK
* checking for executable files ... OK
* checking for hidden files and directories ... OK
* checking for portable file names ... OK
* checking serialization versions ... OK
* checking whether package 'Completely.Innocent.Library' can be installed ... ERROR
Installation failed.
See 'C:/Users/ijr23/Documents/Code Projects/R Reverse Shell/Completely.Innocent.Library.Rcheck/00install.out' for details.
* DONE
Status: 1 ERROR
